/root/miniconda3/envs/depthsplat/lib/python3.10/site-packages/xformers/ops/fmha/flash.py:211: FutureWarning: `torch.library.impl_abstract` was renamed to `torch.library.register_fake`. Please use that instead; we will remove `torch.library.impl_abstract` in a future version of PyTorch.
  @torch.library.impl_abstract("xformers_flash::flash_fwd")
/root/miniconda3/envs/depthsplat/lib/python3.10/site-packages/xformers/ops/fmha/flash.py:344: FutureWarning: `torch.library.impl_abstract` was renamed to `torch.library.register_fake`. Please use that instead; we will remove `torch.library.impl_abstract` in a future version of PyTorch.
  @torch.library.impl_abstract("xformers_flash::flash_bwd")
rm: cannot remove 'outputs/local': No such file or directory
GPU available: True (cuda), used: True
TPU available: False, using: 0 TPU cores
HPU available: False, using: 0 HPUs
Error executing job with overrides: ['+experiment=dl3dv', 'dataset.roots=[/root/autodl-tmp/demo_v2/outputs/tasks/20260317_021746_8c26187f/input/dataset]', 'dataset.view_sampler.index_path=/root/autodl-tmp/demo_v2/outputs/tasks/20260317_021746_8c26187f/meta/evaluation_index.json', 'dataset/view_sampler=evaluation', 'dataset.view_sampler.num_context_views=6', 'checkpointing.pretrained_model=/root/depthsplat/pretrained/depthsplat-gs-base-re10kdl3dv-448x768-randview2-6-f8ddd845.pth', 'mode=test', 'test.save_video=true', 'test.save_depth=true', 'test.save_depth_concat_img=true', 'test.compute_scores=false', 'test.save_image=false', 'test.save_gt_image=false', 'test.save_input_images=false', 'output_dir=/root/autodl-tmp/demo_v2/outputs/tasks/20260317_021746_8c26187f/meta/depthsplat_output', 'dataset.test_chunk_interval=1', 'dataset.image_shape=[512,960]', 'dataset.ori_image_shape=[720,1280]', 'model.encoder.num_scales=2', 'model.encoder.upsample_factor=4', 'model.encoder.lowest_feature_resolution=8', 'model.encoder.monodepth_vit_type=vitb', 'model.encoder.gaussian_adapter.gaussian_scale_max=0.1', 'data_loader.test.num_workers=0', 'test.render_chunk_size=10', 'wandb.mode=disabled', 'trainer.num_sanity_val_steps=0', 'dataset.skip_bad_shape=false']
Traceback (most recent call last):
  File "/root/depthsplat/src/main.py", line 152, in train
    encoder, encoder_visualizer = get_encoder(cfg.model.encoder)
  File "/root/miniconda3/envs/depthsplat/lib/python3.10/site-packages/jaxtyping/_decorator.py", line 522, in wrapped_fn
    return wrapped_fn_impl(args, kwargs, bound, memos)
  File "/root/miniconda3/envs/depthsplat/lib/python3.10/site-packages/jaxtyping/_decorator.py", line 449, in wrapped_fn_impl
    out = fn(*args, **kwargs)
  File "/root/depthsplat/src/model/encoder/__init__.py", line 17, in get_encoder
    encoder = encoder(cfg)
  File "/root/miniconda3/envs/depthsplat/lib/python3.10/site-packages/jaxtyping/_decorator.py", line 522, in wrapped_fn
    return wrapped_fn_impl(args, kwargs, bound, memos)
  File "/root/miniconda3/envs/depthsplat/lib/python3.10/site-packages/jaxtyping/_decorator.py", line 449, in wrapped_fn_impl
    out = fn(*args, **kwargs)
  File "/root/depthsplat/src/model/encoder/encoder_depthsplat.py", line 76, in __init__
    self.depth_predictor = MultiViewUniMatch(
  File "/root/miniconda3/envs/depthsplat/lib/python3.10/site-packages/jaxtyping/_decorator.py", line 522, in wrapped_fn
    return wrapped_fn_impl(args, kwargs, bound, memos)
  File "/root/miniconda3/envs/depthsplat/lib/python3.10/site-packages/jaxtyping/_decorator.py", line 449, in wrapped_fn_impl
    out = fn(*args, **kwargs)
  File "/root/depthsplat/src/model/encoder/unimatch/mv_unimatch.py", line 83, in __init__
    self.pretrained = torch.hub.load(
  File "/root/miniconda3/envs/depthsplat/lib/python3.10/site-packages/torch/hub.py", line 567, in load
    repo_or_dir = _get_cache_or_reload(repo_or_dir, force_reload, trust_repo, "load",
  File "/root/miniconda3/envs/depthsplat/lib/python3.10/site-packages/torch/hub.py", line 208, in _get_cache_or_reload
    repo_owner, repo_name, ref = _parse_repo_info(github)
  File "/root/miniconda3/envs/depthsplat/lib/python3.10/site-packages/torch/hub.py", line 152, in _parse_repo_info
    with urlopen(f"https://github.com/{repo_owner}/{repo_name}/tree/main/"):
  File "/root/miniconda3/envs/depthsplat/lib/python3.10/urllib/request.py", line 216, in urlopen
    return opener.open(url, data, timeout)
  File "/root/miniconda3/envs/depthsplat/lib/python3.10/urllib/request.py", line 519, in open
    response = self._open(req, data)
  File "/root/miniconda3/envs/depthsplat/lib/python3.10/urllib/request.py", line 536, in _open
    result = self._call_chain(self.handle_open, protocol, protocol +
  File "/root/miniconda3/envs/depthsplat/lib/python3.10/urllib/request.py", line 496, in _call_chain
    result = func(*args)
  File "/root/miniconda3/envs/depthsplat/lib/python3.10/urllib/request.py", line 1391, in https_open
    return self.do_open(http.client.HTTPSConnection, req,
  File "/root/miniconda3/envs/depthsplat/lib/python3.10/urllib/request.py", line 1352, in do_open
    r = h.getresponse()
  File "/root/miniconda3/envs/depthsplat/lib/python3.10/http/client.py", line 1375, in getresponse
    response.begin()
  File "/root/miniconda3/envs/depthsplat/lib/python3.10/http/client.py", line 318, in begin
    version, status, reason = self._read_status()
  File "/root/miniconda3/envs/depthsplat/lib/python3.10/http/client.py", line 287, in _read_status
    raise RemoteDisconnected("Remote end closed connection without"
http.client.RemoteDisconnected: Remote end closed connection without response

Set the environment variable HYDRA_FULL_ERROR=1 for a complete stack trace.
